<?xml version="1.0" encoding="UTF-8"?>
<testng-results ignored="0" total="1" passed="1" failed="0" skipped="0">
  <reporter-output>
  </reporter-output>
  <suite started-at="2022-01-05T12:51:06 IST" name="Suite" finished-at="2022-01-05T12:51:21 IST" duration-ms="14991">
    <groups>
    </groups>
    <test started-at="2022-01-05T12:51:06 IST" name="Test" finished-at="2022-01-05T12:51:21 IST" duration-ms="14991">
      <class name="fileutilitytest.CreateOrg">
        <test-method is-config="true" signature="login()[pri:0, instance:fileutilitytest.CreateOrg@2fd1433e]" started-at="2022-01-05T12:51:06 IST" name="login" finished-at="2022-01-05T12:51:14 IST" duration-ms="7610" status="PASS">
          <reporter-output>
          </reporter-output>
        </test-method> <!-- login -->
        <test-method signature="clickOrgLink()[pri:0, instance:fileutilitytest.CreateOrg@2fd1433e]" started-at="2022-01-05T12:51:14 IST" name="clickOrgLink" finished-at="2022-01-05T12:51:19 IST" duration-ms="5289" status="PASS">
          <reporter-output>
          </reporter-output>
        </test-method> <!-- clickOrgLink -->
        <test-method is-config="true" signature="logout()[pri:0, instance:fileutilitytest.CreateOrg@2fd1433e]" started-at="2022-01-05T12:51:19 IST" name="logout" finished-at="2022-01-05T12:51:21 IST" duration-ms="1865" status="PASS">
          <reporter-output>
          </reporter-output>
        </test-method> <!-- logout -->
        <test-method is-config="true" signature="closebrowser()[pri:0, instance:fileutilitytest.CreateOrg@2fd1433e]" started-at="2022-01-05T12:51:21 IST" name="closebrowser" finished-at="2022-01-05T12:51:21 IST" duration-ms="172" status="PASS">
          <reporter-output>
          </reporter-output>
        </test-method> <!-- closebrowser -->
      </class> <!-- fileutilitytest.CreateOrg -->
    </test> <!-- Test -->
  </suite> <!-- Suite -->
</testng-results>
